hsms [DEBUG]: /home/acc.cravenj6/Code/SPAN360/data_collection/unproccessed_text/Moamyn_~_Libro_de_las_animalias.txt
hsms [DEBUG]: /home/acc.cravenj6/Code/SPAN360/data_collection/unproccessed_text/Judizios_de_las_estrellas.txt
hsms [DEBUG]: /home/acc.cravenj6/Code/SPAN360/data_collection/unproccessed_text/Picatrix_de_Alfonso_X.txt
hsms [DEBUG]: /home/acc.cravenj6/Code/SPAN360/data_collection/unproccessed_text/Libro_de_las_cruzes.txt
hsms [DEBUG]: /home/acc.cravenj6/Code/SPAN360/data_collection/unproccessed_text/Lapidario_de_Alfonso_X.txt
hsms [DEBUG]: /home/acc.cravenj6/Code/SPAN360/data_collection/unproccessed_text/Tablas_de_Zarquiel.txt
hsms [DEBUG]: /home/acc.cravenj6/Code/SPAN360/data_collection/unproccessed_text/Cánones_de_Albateni.txt
hsms [DEBUG]: /home/acc.cravenj6/Code/SPAN360/data_collection/unproccessed_text/Libro_de_las_leyes.txt
hsms [DEBUG]: /home/acc.cravenj6/Code/SPAN360/data_collection/unproccessed_text/Estoria_de_España_I.txt
hsms [DEBUG]: /home/acc.cravenj6/Code/SPAN360/data_collection/unproccessed_text/General_estoria_I.txt
hsms [DEBUG]: /home/acc.cravenj6/Code/SPAN360/data_collection/unproccessed_text/Libro_de_las_formas_y_de_las_imágenes.txt
hsms [DEBUG]: /home/acc.cravenj6/Code/SPAN360/data_collection/unproccessed_text/Libros_del_saber_de_astronomía.txt
hsms [DEBUG]: /home/acc.cravenj6/Code/SPAN360/data_collection/unproccessed_text/Libro_del_cuadrante_señero.txt
hsms [DEBUG]: /home/acc.cravenj6/Code/SPAN360/data_collection/unproccessed_text/General_estoria_IV.txt
hsms [DEBUG]: /home/acc.cravenj6/Code/SPAN360/data_collection/unproccessed_text/Libros_de_ajedrez_dados_y_tablas.txt
hsms [DEBUG]: /home/acc.cravenj6/Code/SPAN360/data_collection/unproccessed_text/Estoria_de_España_II.txt
hsms [DEBUG]: /home/acc.cravenj6/Code/SPAN360/data_collection/unproccessed_text/General_estoria_V.txt
hsms [DEBUG]: /home/acc.cravenj6/Code/SPAN360/data_collection/unproccessed_text/Alfonso_X,_el_sabio.txt
hsms [DEBUG]: /home/acc.cravenj6/Code/SPAN360/data_collection/unproccessed_text/General_estoria_VI.txt
hsms [DEBUG]: /home/acc.cravenj6/Code/SPAN360/data_collection/unproccessed_text/General_estoria_II.txt
hsms [DEBUG]: /home/acc.cravenj6/Code/SPAN360/data_collection/unproccessed_text/General_estoria_V.txt
hsms [DEBUG]: /home/acc.cravenj6/Code/SPAN360/data_collection/unproccessed_text/Comedia_de_Calisto_y_Melibea.txt
hsms [DEBUG]: /home/acc.cravenj6/Code/SPAN360/data_collection/unproccessed_text/Comedia_de_Calisto_y_Melibea.txt
hsms [DEBUG]: /home/acc.cravenj6/Code/SPAN360/data_collection/unproccessed_text/Comedia_de_Calisto_y_Melibea.txt
hsms [DEBUG]: /home/acc.cravenj6/Code/SPAN360/data_collection/unproccessed_text/Tragicomedia_de_Calisto_y_Melibea.txt
hsms [DEBUG]: /home/acc.cravenj6/Code/SPAN360/data_collection/unproccessed_text/Tragicomedia_de_Calisto_y_Melibea.txt
hsms [DEBUG]: /home/acc.cravenj6/Code/SPAN360/data_collection/unproccessed_text/Tragicomedia_de_Calisto_y_Melibea.txt
hsms [DEBUG]: /home/acc.cravenj6/Code/SPAN360/data_collection/unproccessed_text/Tragicomedia_de_Calisto_y_Melibea.txt
hsms [DEBUG]: /home/acc.cravenj6/Code/SPAN360/data_collection/unproccessed_text/Tragicomedia_de_Calisto_y_Melibea.txt
hsms [DEBUG]: /home/acc.cravenj6/Code/SPAN360/data_collection/unproccessed_text/Tragicomedia_de_Calisto_y_Melibea.txt
hsms [DEBUG]: /home/acc.cravenj6/Code/SPAN360/data_collection/unproccessed_text/Tragicomedia_de_Calisto_y_Melibea.txt
hsms [DEBUG]: /home/acc.cravenj6/Code/SPAN360/data_collection/unproccessed_text/Tragicomedia_de_Calisto_y_Melibea.txt
hsms [DEBUG]: /home/acc.cravenj6/Code/SPAN360/data_collection/unproccessed_text/Tragicomedia_de_Calisto_y_Melibea.txt
hsms [DEBUG]: /home/acc.cravenj6/Code/SPAN360/data_collection/unproccessed_text/Tragicomedia_de_Calisto_y_Melibea.txt
hsms [DEBUG]: /home/acc.cravenj6/Code/SPAN360/data_collection/unproccessed_text/Tragicomedia_de_Calisto_y_Melibea.txt
hsms [DEBUG]: /home/acc.cravenj6/Code/SPAN360/data_collection/unproccessed_text/Tragicomedia_de_Calisto_y_Melibea.txt
hsms [DEBUG]: /home/acc.cravenj6/Code/SPAN360/data_collection/unproccessed_text/Tragicomedia_de_Calisto_y_Melibea.txt
hsms [DEBUG]: /home/acc.cravenj6/Code/SPAN360/data_collection/unproccessed_text/Tragicomedia_de_Calisto_y_Melibea.txt
hsms [DEBUG]: /home/acc.cravenj6/Code/SPAN360/data_collection/unproccessed_text/Tragicomedia_de_Calisto_y_Melibea.txt
hsms [DEBUG]: /home/acc.cravenj6/Code/SPAN360/data_collection/unproccessed_text/Tragicomedia_de_Calisto_y_Melibea.txt
hsms [DEBUG]: /home/acc.cravenj6/Code/SPAN360/data_collection/unproccessed_text/Tragicomedia_de_Calisto_y_Melibea.txt
hsms [DEBUG]: /home/acc.cravenj6/Code/SPAN360/data_collection/unproccessed_text/Tragicomedia_de_Calisto_y_Melibea.txt
hsms [DEBUG]: /home/acc.cravenj6/Code/SPAN360/data_collection/unproccessed_text/Poema_de_Mio_Cid.txt
hsms [DEBUG]: /home/acc.cravenj6/Code/SPAN360/data_collection/unproccessed_text/Libro_de_buen_amor-T.txt
hsms [DEBUG]: /home/acc.cravenj6/Code/SPAN360/data_collection/unproccessed_text/Libro_de_buen_amor-G.txt
hsms [DEBUG]: /home/acc.cravenj6/Code/SPAN360/data_collection/unproccessed_text/Libro_de_buen_amor-S.txt
hsms [DEBUG]: /home/acc.cravenj6/Code/SPAN360/data_collection/unproccessed_text/Lazarillo_de_Tormes.txt
hsms [DEBUG]: /home/acc.cravenj6/Code/SPAN360/data_collection/unproccessed_text/Lazarillo_de_Tormes.txt
hsms [DEBUG]: /home/acc.cravenj6/Code/SPAN360/data_collection/unproccessed_text/Lazarillo_de_Tormes.txt
hsms [DEBUG]: /home/acc.cravenj6/Code/SPAN360/data_collection/unproccessed_text/Lazarillo_de_Tormes.txt
hsms [DEBUG]: /home/acc.cravenj6/Code/SPAN360/data_collection/unproccessed_text/Moamyn_~_Libro_de_las_animalias1.txt
hsms [DEBUG]: /home/acc.cravenj6/Code/SPAN360/data_collection/unproccessed_text/Judizios_de_las_estrellas1.txt
hsms [DEBUG]: /home/acc.cravenj6/Code/SPAN360/data_collection/unproccessed_text/Picatrix_de_Alfonso_X1.txt
hsms [DEBUG]: /home/acc.cravenj6/Code/SPAN360/data_collection/unproccessed_text/Libro_de_las_cruzes1.txt
hsms [DEBUG]: /home/acc.cravenj6/Code/SPAN360/data_collection/unproccessed_text/Lapidario_de_Alfonso_X1.txt
hsms [DEBUG]: /home/acc.cravenj6/Code/SPAN360/data_collection/unproccessed_text/Tablas_de_Zarquiel1.txt
hsms [DEBUG]: /home/acc.cravenj6/Code/SPAN360/data_collection/unproccessed_text/Cánones_de_Albateni1.txt
hsms [DEBUG]: /home/acc.cravenj6/Code/SPAN360/data_collection/unproccessed_text/Libro_de_las_leyes1.txt
hsms [DEBUG]: /home/acc.cravenj6/Code/SPAN360/data_collection/unproccessed_text/Estoria_de_España_I1.txt
hsms [DEBUG]: /home/acc.cravenj6/Code/SPAN360/data_collection/unproccessed_text/General_estoria_I1.txt
hsms [DEBUG]: /home/acc.cravenj6/Code/SPAN360/data_collection/unproccessed_text/Libro_de_las_formas_y_de_las_imágenes1.txt
hsms [DEBUG]: /home/acc.cravenj6/Code/SPAN360/data_collection/unproccessed_text/Libros_del_saber_de_astronomía1.txt
hsms [DEBUG]: /home/acc.cravenj6/Code/SPAN360/data_collection/unproccessed_text/Libro_del_cuadrante_señero1.txt
hsms [DEBUG]: /home/acc.cravenj6/Code/SPAN360/data_collection/unproccessed_text/General_estoria_IV1.txt
hsms [DEBUG]: /home/acc.cravenj6/Code/SPAN360/data_collection/unproccessed_text/Libros_de_ajedrez_dados_y_tablas1.txt
hsms [DEBUG]: /home/acc.cravenj6/Code/SPAN360/data_collection/unproccessed_text/Estoria_de_España_II1.txt
hsms [DEBUG]: /home/acc.cravenj6/Code/SPAN360/data_collection/unproccessed_text/General_estoria_V1.txt
hsms [DEBUG]: /home/acc.cravenj6/Code/SPAN360/data_collection/unproccessed_text/Alfonso_X,_el_sabio1.txt
hsms [DEBUG]: /home/acc.cravenj6/Code/SPAN360/data_collection/unproccessed_text/General_estoria_VI1.txt
hsms [DEBUG]: /home/acc.cravenj6/Code/SPAN360/data_collection/unproccessed_text/General_estoria_II1.txt
hsms [DEBUG]: /home/acc.cravenj6/Code/SPAN360/data_collection/unproccessed_text/General_estoria_V2.txt
hsms [DEBUG]: /home/acc.cravenj6/Code/SPAN360/data_collection/unproccessed_text/Comedia_de_Calisto_y_Melibea1.txt
hsms [DEBUG]: /home/acc.cravenj6/Code/SPAN360/data_collection/unproccessed_text/Comedia_de_Calisto_y_Melibea2.txt
hsms [DEBUG]: /home/acc.cravenj6/Code/SPAN360/data_collection/unproccessed_text/Comedia_de_Calisto_y_Melibea3.txt
hsms [DEBUG]: /home/acc.cravenj6/Code/SPAN360/data_collection/unproccessed_text/Tragicomedia_de_Calisto_y_Melibea1.txt
hsms [DEBUG]: /home/acc.cravenj6/Code/SPAN360/data_collection/unproccessed_text/Tragicomedia_de_Calisto_y_Melibea2.txt
hsms [DEBUG]: /home/acc.cravenj6/Code/SPAN360/data_collection/unproccessed_text/Tragicomedia_de_Calisto_y_Melibea3.txt
hsms [DEBUG]: /home/acc.cravenj6/Code/SPAN360/data_collection/unproccessed_text/Tragicomedia_de_Calisto_y_Melibea4.txt
hsms [DEBUG]: /home/acc.cravenj6/Code/SPAN360/data_collection/unproccessed_text/Tragicomedia_de_Calisto_y_Melibea5.txt
hsms [DEBUG]: /home/acc.cravenj6/Code/SPAN360/data_collection/unproccessed_text/Tragicomedia_de_Calisto_y_Melibea6.txt
hsms [DEBUG]: /home/acc.cravenj6/Code/SPAN360/data_collection/unproccessed_text/Tragicomedia_de_Calisto_y_Melibea7.txt
hsms [DEBUG]: /home/acc.cravenj6/Code/SPAN360/data_collection/unproccessed_text/Tragicomedia_de_Calisto_y_Melibea8.txt
hsms [DEBUG]: /home/acc.cravenj6/Code/SPAN360/data_collection/unproccessed_text/Tragicomedia_de_Calisto_y_Melibea9.txt
hsms [DEBUG]: /home/acc.cravenj6/Code/SPAN360/data_collection/unproccessed_text/Tragicomedia_de_Calisto_y_Melibea10.txt
hsms [DEBUG]: /home/acc.cravenj6/Code/SPAN360/data_collection/unproccessed_text/Tragicomedia_de_Calisto_y_Melibea11.txt
hsms [DEBUG]: /home/acc.cravenj6/Code/SPAN360/data_collection/unproccessed_text/Tragicomedia_de_Calisto_y_Melibea12.txt
hsms [DEBUG]: /home/acc.cravenj6/Code/SPAN360/data_collection/unproccessed_text/Tragicomedia_de_Calisto_y_Melibea13.txt
hsms [DEBUG]: /home/acc.cravenj6/Code/SPAN360/data_collection/unproccessed_text/Tragicomedia_de_Calisto_y_Melibea14.txt
hsms [DEBUG]: /home/acc.cravenj6/Code/SPAN360/data_collection/unproccessed_text/Tragicomedia_de_Calisto_y_Melibea15.txt
hsms [DEBUG]: /home/acc.cravenj6/Code/SPAN360/data_collection/unproccessed_text/Tragicomedia_de_Calisto_y_Melibea16.txt
hsms [DEBUG]: /home/acc.cravenj6/Code/SPAN360/data_collection/unproccessed_text/Tragicomedia_de_Calisto_y_Melibea17.txt
hsms [DEBUG]: /home/acc.cravenj6/Code/SPAN360/data_collection/unproccessed_text/Tragicomedia_de_Calisto_y_Melibea18.txt
hsms [DEBUG]: /home/acc.cravenj6/Code/SPAN360/data_collection/unproccessed_text/Poema_de_Mio_Cid1.txt
hsms [DEBUG]: /home/acc.cravenj6/Code/SPAN360/data_collection/unproccessed_text/Libro_de_buen_amor-T1.txt
hsms [DEBUG]: /home/acc.cravenj6/Code/SPAN360/data_collection/unproccessed_text/Libro_de_buen_amor-G1.txt
hsms [DEBUG]: /home/acc.cravenj6/Code/SPAN360/data_collection/unproccessed_text/Libro_de_buen_amor-S1.txt
hsms [DEBUG]: /home/acc.cravenj6/Code/SPAN360/data_collection/unproccessed_text/Lazarillo_de_Tormes1.txt
hsms [DEBUG]: /home/acc.cravenj6/Code/SPAN360/data_collection/unproccessed_text/Lazarillo_de_Tormes2.txt
hsms [DEBUG]: /home/acc.cravenj6/Code/SPAN360/data_collection/unproccessed_text/Lazarillo_de_Tormes3.txt
hsms [DEBUG]: /home/acc.cravenj6/Code/SPAN360/data_collection/unproccessed_text/Lazarillo_de_Tormes4.txt
hsms [DEBUG]: /home/acc.cravenj6/Code/SPAN360/data_collection/unproccessed_text/Moamyn_~_Libro_de_las_animalias1.txt
hsms [DEBUG]: /home/acc.cravenj6/Code/SPAN360/data_collection/unproccessed_text/Judizios_de_las_estrellas1.txt
hsms [DEBUG]: /home/acc.cravenj6/Code/SPAN360/data_collection/unproccessed_text/Picatrix_de_Alfonso_X1.txt
hsms [DEBUG]: /home/acc.cravenj6/Code/SPAN360/data_collection/unproccessed_text/Libro_de_las_cruzes1.txt
hsms [DEBUG]: /home/acc.cravenj6/Code/SPAN360/data_collection/unproccessed_text/Lapidario_de_Alfonso_X1.txt
hsms [DEBUG]: /home/acc.cravenj6/Code/SPAN360/data_collection/unproccessed_text/Tablas_de_Zarquiel1.txt
hsms [DEBUG]: /home/acc.cravenj6/Code/SPAN360/data_collection/unproccessed_text/Cánones_de_Albateni1.txt
hsms [DEBUG]: /home/acc.cravenj6/Code/SPAN360/data_collection/unproccessed_text/Libro_de_las_leyes1.txt
hsms [DEBUG]: /home/acc.cravenj6/Code/SPAN360/data_collection/unproccessed_text/Estoria_de_España_I1.txt
hsms [DEBUG]: /home/acc.cravenj6/Code/SPAN360/data_collection/unproccessed_text/General_estoria_I1.txt
hsms [DEBUG]: /home/acc.cravenj6/Code/SPAN360/data_collection/unproccessed_text/Libro_de_las_formas_y_de_las_imágenes1.txt
hsms [DEBUG]: /home/acc.cravenj6/Code/SPAN360/data_collection/unproccessed_text/Libros_del_saber_de_astronomía1.txt
hsms [DEBUG]: /home/acc.cravenj6/Code/SPAN360/data_collection/unproccessed_text/Libro_del_cuadrante_señero1.txt
hsms [DEBUG]: /home/acc.cravenj6/Code/SPAN360/data_collection/unproccessed_text/General_estoria_IV1.txt
hsms [DEBUG]: /home/acc.cravenj6/Code/SPAN360/data_collection/unproccessed_text/Libros_de_ajedrez_dados_y_tablas1.txt
hsms [DEBUG]: /home/acc.cravenj6/Code/SPAN360/data_collection/unproccessed_text/Estoria_de_España_II1.txt
hsms [DEBUG]: /home/acc.cravenj6/Code/SPAN360/data_collection/unproccessed_text/General_estoria_V1.txt
hsms [DEBUG]: /home/acc.cravenj6/Code/SPAN360/data_collection/unproccessed_text/Alfonso_X,_el_sabio1.txt
hsms [DEBUG]: /home/acc.cravenj6/Code/SPAN360/data_collection/unproccessed_text/General_estoria_VI1.txt
hsms [DEBUG]: /home/acc.cravenj6/Code/SPAN360/data_collection/unproccessed_text/General_estoria_II1.txt
hsms [DEBUG]: /home/acc.cravenj6/Code/SPAN360/data_collection/unproccessed_text/General_estoria_V2.txt
hsms [DEBUG]: /home/acc.cravenj6/Code/SPAN360/data_collection/unproccessed_text/Comedia_de_Calisto_y_Melibea1.txt
hsms [DEBUG]: /home/acc.cravenj6/Code/SPAN360/data_collection/unproccessed_text/Comedia_de_Calisto_y_Melibea2.txt
hsms [DEBUG]: /home/acc.cravenj6/Code/SPAN360/data_collection/unproccessed_text/Comedia_de_Calisto_y_Melibea3.txt
hsms [DEBUG]: /home/acc.cravenj6/Code/SPAN360/data_collection/unproccessed_text/Tragicomedia_de_Calisto_y_Melibea1.txt
hsms [DEBUG]: /home/acc.cravenj6/Code/SPAN360/data_collection/unproccessed_text/Tragicomedia_de_Calisto_y_Melibea2.txt
hsms [DEBUG]: /home/acc.cravenj6/Code/SPAN360/data_collection/unproccessed_text/Tragicomedia_de_Calisto_y_Melibea3.txt
hsms [DEBUG]: /home/acc.cravenj6/Code/SPAN360/data_collection/unproccessed_text/Tragicomedia_de_Calisto_y_Melibea4.txt
hsms [DEBUG]: /home/acc.cravenj6/Code/SPAN360/data_collection/unproccessed_text/Tragicomedia_de_Calisto_y_Melibea5.txt
hsms [DEBUG]: /home/acc.cravenj6/Code/SPAN360/data_collection/unproccessed_text/Tragicomedia_de_Calisto_y_Melibea6.txt
hsms [DEBUG]: /home/acc.cravenj6/Code/SPAN360/data_collection/unproccessed_text/Tragicomedia_de_Calisto_y_Melibea7.txt
hsms [DEBUG]: /home/acc.cravenj6/Code/SPAN360/data_collection/unproccessed_text/Tragicomedia_de_Calisto_y_Melibea8.txt
hsms [DEBUG]: /home/acc.cravenj6/Code/SPAN360/data_collection/unproccessed_text/Tragicomedia_de_Calisto_y_Melibea9.txt
hsms [DEBUG]: /home/acc.cravenj6/Code/SPAN360/data_collection/unproccessed_text/Tragicomedia_de_Calisto_y_Melibea10.txt
hsms [DEBUG]: /home/acc.cravenj6/Code/SPAN360/data_collection/unproccessed_text/Tragicomedia_de_Calisto_y_Melibea11.txt
hsms [DEBUG]: /home/acc.cravenj6/Code/SPAN360/data_collection/unproccessed_text/Tragicomedia_de_Calisto_y_Melibea12.txt
hsms [DEBUG]: /home/acc.cravenj6/Code/SPAN360/data_collection/unproccessed_text/Tragicomedia_de_Calisto_y_Melibea13.txt
hsms [DEBUG]: /home/acc.cravenj6/Code/SPAN360/data_collection/unproccessed_text/Tragicomedia_de_Calisto_y_Melibea14.txt
hsms [DEBUG]: /home/acc.cravenj6/Code/SPAN360/data_collection/unproccessed_text/Tragicomedia_de_Calisto_y_Melibea15.txt
hsms [DEBUG]: /home/acc.cravenj6/Code/SPAN360/data_collection/unproccessed_text/Tragicomedia_de_Calisto_y_Melibea16.txt
hsms [DEBUG]: /home/acc.cravenj6/Code/SPAN360/data_collection/unproccessed_text/Tragicomedia_de_Calisto_y_Melibea17.txt
hsms [DEBUG]: /home/acc.cravenj6/Code/SPAN360/data_collection/unproccessed_text/Tragicomedia_de_Calisto_y_Melibea18.txt
hsms [DEBUG]: /home/acc.cravenj6/Code/SPAN360/data_collection/unproccessed_text/Poema_de_Mio_Cid1.txt
hsms [DEBUG]: /home/acc.cravenj6/Code/SPAN360/data_collection/unproccessed_text/Libro_de_buen_amor-T1.txt
hsms [DEBUG]: /home/acc.cravenj6/Code/SPAN360/data_collection/unproccessed_text/Libro_de_buen_amor-G1.txt
hsms [DEBUG]: /home/acc.cravenj6/Code/SPAN360/data_collection/unproccessed_text/Libro_de_buen_amor-S1.txt
hsms [DEBUG]: /home/acc.cravenj6/Code/SPAN360/data_collection/unproccessed_text/Lazarillo_de_Tormes1.txt
hsms [DEBUG]: /home/acc.cravenj6/Code/SPAN360/data_collection/unproccessed_text/Lazarillo_de_Tormes2.txt
hsms [DEBUG]: /home/acc.cravenj6/Code/SPAN360/data_collection/unproccessed_text/Lazarillo_de_Tormes3.txt
hsms [DEBUG]: /home/acc.cravenj6/Code/SPAN360/data_collection/unproccessed_text/Lazarillo_de_Tormes4.txt
hsms [DEBUG]: /home/acc.cravenj6/Code/SPAN360/data_collection/unproccessed_text/Moamyn_~_Libro_de_las_animalias1.txt
hsms [DEBUG]: /home/acc.cravenj6/Code/SPAN360/data_collection/unproccessed_text/Judizios_de_las_estrellas1.txt
hsms [DEBUG]: /home/acc.cravenj6/Code/SPAN360/data_collection/unproccessed_text/Picatrix_de_Alfonso_X1.txt
hsms [DEBUG]: /home/acc.cravenj6/Code/SPAN360/data_collection/unproccessed_text/Libro_de_las_cruzes1.txt
hsms [DEBUG]: /home/acc.cravenj6/Code/SPAN360/data_collection/unproccessed_text/Lapidario_de_Alfonso_X1.txt
hsms [DEBUG]: /home/acc.cravenj6/Code/SPAN360/data_collection/unproccessed_text/Tablas_de_Zarquiel1.txt
hsms [DEBUG]: /home/acc.cravenj6/Code/SPAN360/data_collection/unproccessed_text/Cánones_de_Albateni1.txt
hsms [DEBUG]: /home/acc.cravenj6/Code/SPAN360/data_collection/unproccessed_text/Libro_de_las_leyes1.txt
hsms [DEBUG]: /home/acc.cravenj6/Code/SPAN360/data_collection/unproccessed_text/Estoria_de_España_I1.txt
hsms [DEBUG]: /home/acc.cravenj6/Code/SPAN360/data_collection/unproccessed_text/General_estoria_I1.txt
hsms [DEBUG]: /home/acc.cravenj6/Code/SPAN360/data_collection/unproccessed_text/Libro_de_las_formas_y_de_las_imágenes1.txt
hsms [DEBUG]: /home/acc.cravenj6/Code/SPAN360/data_collection/unproccessed_text/Libros_del_saber_de_astronomía1.txt
hsms [DEBUG]: /home/acc.cravenj6/Code/SPAN360/data_collection/unproccessed_text/Libro_del_cuadrante_señero1.txt
hsms [DEBUG]: /home/acc.cravenj6/Code/SPAN360/data_collection/unproccessed_text/General_estoria_IV1.txt
hsms [DEBUG]: /home/acc.cravenj6/Code/SPAN360/data_collection/unproccessed_text/Libros_de_ajedrez_dados_y_tablas1.txt
hsms [DEBUG]: /home/acc.cravenj6/Code/SPAN360/data_collection/unproccessed_text/Estoria_de_España_II1.txt
hsms [DEBUG]: /home/acc.cravenj6/Code/SPAN360/data_collection/unproccessed_text/General_estoria_V1.txt
hsms [DEBUG]: /home/acc.cravenj6/Code/SPAN360/data_collection/unproccessed_text/Alfonso_X,_el_sabio1.txt
hsms [DEBUG]: /home/acc.cravenj6/Code/SPAN360/data_collection/unproccessed_text/General_estoria_VI1.txt
hsms [DEBUG]: /home/acc.cravenj6/Code/SPAN360/data_collection/unproccessed_text/General_estoria_II1.txt
hsms [DEBUG]: /home/acc.cravenj6/Code/SPAN360/data_collection/unproccessed_text/General_estoria_V2.txt
hsms [DEBUG]: /home/acc.cravenj6/Code/SPAN360/data_collection/unproccessed_text/Comedia_de_Calisto_y_Melibea1.txt
hsms [DEBUG]: /home/acc.cravenj6/Code/SPAN360/data_collection/unproccessed_text/Comedia_de_Calisto_y_Melibea2.txt
hsms [DEBUG]: /home/acc.cravenj6/Code/SPAN360/data_collection/unproccessed_text/Comedia_de_Calisto_y_Melibea3.txt
hsms [DEBUG]: /home/acc.cravenj6/Code/SPAN360/data_collection/unproccessed_text/Tragicomedia_de_Calisto_y_Melibea1.txt
hsms [DEBUG]: /home/acc.cravenj6/Code/SPAN360/data_collection/unproccessed_text/Tragicomedia_de_Calisto_y_Melibea2.txt
hsms [DEBUG]: /home/acc.cravenj6/Code/SPAN360/data_collection/unproccessed_text/Tragicomedia_de_Calisto_y_Melibea3.txt
hsms [DEBUG]: /home/acc.cravenj6/Code/SPAN360/data_collection/unproccessed_text/Tragicomedia_de_Calisto_y_Melibea4.txt
hsms [DEBUG]: /home/acc.cravenj6/Code/SPAN360/data_collection/unproccessed_text/Tragicomedia_de_Calisto_y_Melibea5.txt
hsms [DEBUG]: /home/acc.cravenj6/Code/SPAN360/data_collection/unproccessed_text/Tragicomedia_de_Calisto_y_Melibea6.txt
hsms [DEBUG]: /home/acc.cravenj6/Code/SPAN360/data_collection/unproccessed_text/Tragicomedia_de_Calisto_y_Melibea7.txt
hsms [DEBUG]: /home/acc.cravenj6/Code/SPAN360/data_collection/unproccessed_text/Tragicomedia_de_Calisto_y_Melibea8.txt
hsms [DEBUG]: /home/acc.cravenj6/Code/SPAN360/data_collection/unproccessed_text/Tragicomedia_de_Calisto_y_Melibea9.txt
hsms [DEBUG]: /home/acc.cravenj6/Code/SPAN360/data_collection/unproccessed_text/Tragicomedia_de_Calisto_y_Melibea10.txt
hsms [DEBUG]: /home/acc.cravenj6/Code/SPAN360/data_collection/unproccessed_text/Tragicomedia_de_Calisto_y_Melibea11.txt
hsms [DEBUG]: /home/acc.cravenj6/Code/SPAN360/data_collection/unproccessed_text/Tragicomedia_de_Calisto_y_Melibea12.txt
hsms [DEBUG]: /home/acc.cravenj6/Code/SPAN360/data_collection/unproccessed_text/Tragicomedia_de_Calisto_y_Melibea13.txt
hsms [DEBUG]: /home/acc.cravenj6/Code/SPAN360/data_collection/unproccessed_text/Tragicomedia_de_Calisto_y_Melibea14.txt
hsms [DEBUG]: /home/acc.cravenj6/Code/SPAN360/data_collection/unproccessed_text/Tragicomedia_de_Calisto_y_Melibea15.txt
hsms [DEBUG]: /home/acc.cravenj6/Code/SPAN360/data_collection/unproccessed_text/Tragicomedia_de_Calisto_y_Melibea16.txt
hsms [DEBUG]: /home/acc.cravenj6/Code/SPAN360/data_collection/unproccessed_text/Tragicomedia_de_Calisto_y_Melibea17.txt
hsms [DEBUG]: /home/acc.cravenj6/Code/SPAN360/data_collection/unproccessed_text/Tragicomedia_de_Calisto_y_Melibea18.txt
hsms [DEBUG]: /home/acc.cravenj6/Code/SPAN360/data_collection/unproccessed_text/Poema_de_Mio_Cid1.txt
hsms [DEBUG]: /home/acc.cravenj6/Code/SPAN360/data_collection/unproccessed_text/Libro_de_buen_amor-T1.txt
hsms [DEBUG]: /home/acc.cravenj6/Code/SPAN360/data_collection/unproccessed_text/Libro_de_buen_amor-G1.txt
hsms [DEBUG]: /home/acc.cravenj6/Code/SPAN360/data_collection/unproccessed_text/Libro_de_buen_amor-S1.txt
hsms [DEBUG]: /home/acc.cravenj6/Code/SPAN360/data_collection/unproccessed_text/Lazarillo_de_Tormes1.txt
hsms [DEBUG]: /home/acc.cravenj6/Code/SPAN360/data_collection/unproccessed_text/Lazarillo_de_Tormes2.txt
hsms [DEBUG]: /home/acc.cravenj6/Code/SPAN360/data_collection/unproccessed_text/Lazarillo_de_Tormes3.txt
hsms [DEBUG]: /home/acc.cravenj6/Code/SPAN360/data_collection/unproccessed_text/Lazarillo_de_Tormes4.txt
hsms [DEBUG]: /home/acc.cravenj6/Code/SPAN360/data_collection/unproccessed_text/Moamyn_~_Libro_de_las_animalias1.txt
hsms [DEBUG]: /home/acc.cravenj6/Code/SPAN360/data_collection/unproccessed_text/Judizios_de_las_estrellas1.txt
hsms [DEBUG]: /home/acc.cravenj6/Code/SPAN360/data_collection/unproccessed_text/Picatrix_de_Alfonso_X1.txt
hsms [DEBUG]: /home/acc.cravenj6/Code/SPAN360/data_collection/unproccessed_text/Libro_de_las_cruzes1.txt
hsms [DEBUG]: /home/acc.cravenj6/Code/SPAN360/data_collection/unproccessed_text/Lapidario_de_Alfonso_X1.txt
hsms [DEBUG]: /home/acc.cravenj6/Code/SPAN360/data_collection/unproccessed_text/Tablas_de_Zarquiel1.txt
hsms [DEBUG]: /home/acc.cravenj6/Code/SPAN360/data_collection/unproccessed_text/Cánones_de_Albateni1.txt
hsms [DEBUG]: /home/acc.cravenj6/Code/SPAN360/data_collection/unproccessed_text/Libro_de_las_leyes1.txt
hsms [DEBUG]: /home/acc.cravenj6/Code/SPAN360/data_collection/unproccessed_text/Estoria_de_España_I1.txt
hsms [DEBUG]: /home/acc.cravenj6/Code/SPAN360/data_collection/unproccessed_text/General_estoria_I1.txt
hsms [DEBUG]: /home/acc.cravenj6/Code/SPAN360/data_collection/unproccessed_text/Libro_de_las_formas_y_de_las_imágenes1.txt
hsms [DEBUG]: /home/acc.cravenj6/Code/SPAN360/data_collection/unproccessed_text/Libros_del_saber_de_astronomía1.txt
hsms [DEBUG]: /home/acc.cravenj6/Code/SPAN360/data_collection/unproccessed_text/Libro_del_cuadrante_señero1.txt
hsms [DEBUG]: /home/acc.cravenj6/Code/SPAN360/data_collection/unproccessed_text/General_estoria_IV1.txt
hsms [DEBUG]: /home/acc.cravenj6/Code/SPAN360/data_collection/unproccessed_text/Libros_de_ajedrez_dados_y_tablas1.txt
hsms [DEBUG]: /home/acc.cravenj6/Code/SPAN360/data_collection/unproccessed_text/Estoria_de_España_II1.txt
hsms [DEBUG]: /home/acc.cravenj6/Code/SPAN360/data_collection/unproccessed_text/General_estoria_V1.txt
hsms [DEBUG]: /home/acc.cravenj6/Code/SPAN360/data_collection/unproccessed_text/Alfonso_X,_el_sabio1.txt
hsms [DEBUG]: /home/acc.cravenj6/Code/SPAN360/data_collection/unproccessed_text/General_estoria_VI1.txt
hsms [DEBUG]: /home/acc.cravenj6/Code/SPAN360/data_collection/unproccessed_text/General_estoria_II1.txt
hsms [DEBUG]: /home/acc.cravenj6/Code/SPAN360/data_collection/unproccessed_text/General_estoria_V2.txt
hsms [DEBUG]: /home/acc.cravenj6/Code/SPAN360/data_collection/unproccessed_text/Comedia_de_Calisto_y_Melibea1.txt
hsms [DEBUG]: /home/acc.cravenj6/Code/SPAN360/data_collection/unproccessed_text/Comedia_de_Calisto_y_Melibea2.txt
hsms [DEBUG]: /home/acc.cravenj6/Code/SPAN360/data_collection/unproccessed_text/Comedia_de_Calisto_y_Melibea3.txt
hsms [DEBUG]: /home/acc.cravenj6/Code/SPAN360/data_collection/unproccessed_text/Tragicomedia_de_Calisto_y_Melibea1.txt
hsms [DEBUG]: /home/acc.cravenj6/Code/SPAN360/data_collection/unproccessed_text/Tragicomedia_de_Calisto_y_Melibea2.txt
hsms [DEBUG]: /home/acc.cravenj6/Code/SPAN360/data_collection/unproccessed_text/Tragicomedia_de_Calisto_y_Melibea3.txt
hsms [DEBUG]: /home/acc.cravenj6/Code/SPAN360/data_collection/unproccessed_text/Tragicomedia_de_Calisto_y_Melibea4.txt
hsms [DEBUG]: /home/acc.cravenj6/Code/SPAN360/data_collection/unproccessed_text/Tragicomedia_de_Calisto_y_Melibea5.txt
hsms [DEBUG]: /home/acc.cravenj6/Code/SPAN360/data_collection/unproccessed_text/Tragicomedia_de_Calisto_y_Melibea6.txt
hsms [DEBUG]: /home/acc.cravenj6/Code/SPAN360/data_collection/unproccessed_text/Tragicomedia_de_Calisto_y_Melibea7.txt
hsms [DEBUG]: /home/acc.cravenj6/Code/SPAN360/data_collection/unproccessed_text/Tragicomedia_de_Calisto_y_Melibea8.txt
hsms [DEBUG]: /home/acc.cravenj6/Code/SPAN360/data_collection/unproccessed_text/Tragicomedia_de_Calisto_y_Melibea9.txt
hsms [DEBUG]: /home/acc.cravenj6/Code/SPAN360/data_collection/unproccessed_text/Tragicomedia_de_Calisto_y_Melibea10.txt
hsms [DEBUG]: /home/acc.cravenj6/Code/SPAN360/data_collection/unproccessed_text/Tragicomedia_de_Calisto_y_Melibea11.txt
hsms [DEBUG]: /home/acc.cravenj6/Code/SPAN360/data_collection/unproccessed_text/Tragicomedia_de_Calisto_y_Melibea12.txt
hsms [DEBUG]: /home/acc.cravenj6/Code/SPAN360/data_collection/unproccessed_text/Tragicomedia_de_Calisto_y_Melibea13.txt
hsms [DEBUG]: /home/acc.cravenj6/Code/SPAN360/data_collection/unproccessed_text/Tragicomedia_de_Calisto_y_Melibea14.txt
hsms [DEBUG]: /home/acc.cravenj6/Code/SPAN360/data_collection/unproccessed_text/Tragicomedia_de_Calisto_y_Melibea15.txt
hsms [DEBUG]: /home/acc.cravenj6/Code/SPAN360/data_collection/unproccessed_text/Tragicomedia_de_Calisto_y_Melibea16.txt
hsms [DEBUG]: /home/acc.cravenj6/Code/SPAN360/data_collection/unproccessed_text/Tragicomedia_de_Calisto_y_Melibea17.txt
hsms [DEBUG]: /home/acc.cravenj6/Code/SPAN360/data_collection/unproccessed_text/Tragicomedia_de_Calisto_y_Melibea18.txt
hsms [DEBUG]: /home/acc.cravenj6/Code/SPAN360/data_collection/unproccessed_text/Poema_de_Mio_Cid1.txt
hsms [DEBUG]: /home/acc.cravenj6/Code/SPAN360/data_collection/unproccessed_text/Libro_de_buen_amor-T1.txt
hsms [DEBUG]: /home/acc.cravenj6/Code/SPAN360/data_collection/unproccessed_text/Libro_de_buen_amor-G1.txt
hsms [DEBUG]: /home/acc.cravenj6/Code/SPAN360/data_collection/unproccessed_text/Libro_de_buen_amor-S1.txt
hsms [DEBUG]: /home/acc.cravenj6/Code/SPAN360/data_collection/unproccessed_text/Lazarillo_de_Tormes1.txt
hsms [DEBUG]: /home/acc.cravenj6/Code/SPAN360/data_collection/unproccessed_text/Lazarillo_de_Tormes2.txt
hsms [DEBUG]: /home/acc.cravenj6/Code/SPAN360/data_collection/unproccessed_text/Lazarillo_de_Tormes3.txt
hsms [DEBUG]: /home/acc.cravenj6/Code/SPAN360/data_collection/unproccessed_text/Lazarillo_de_Tormes4.txt
